app/build/intermediates/manifest_merge_blame_file/debug/manifest-merger-blame-debug-report.txt
1<?xml version="1.0" encoding="utf-8"?>
2<manifest xmlns:android="http://schemas.android.com/apk/res/android"
3    package="domanska.klaudia.kartylojalnosciowe"
4    android:versionCode="1"
5    android:versionName="1.0" >
6
7    <uses-sdk
8        android:minSdkVersion="26"
8-->src/main/AndroidManifest.xml
9        android:targetSdkVersion="30" />
9-->src/main/AndroidManifest.xml
10
11    <uses-feature
11-->src/main/AndroidManifest.xml:5:5-7:34
12        android:name="android.hardware.camera"
12-->src/main/AndroidManifest.xml:6:9-47
13        android:required="true" />
13-->src/main/AndroidManifest.xml:7:9-32
14
15    <queries>
15-->src/main/AndroidManifest.xml:9:5-13:15
16        <intent>
16-->src/main/AndroidManifest.xml:10:9-12:18
17            <action android:name="android.media.action.IMAGE_CAPTURE" />
17-->src/main/AndroidManifest.xml:11:13-73
17-->src/main/AndroidManifest.xml:11:21-70
18        </intent>
19    </queries>
20
21    <application
21-->src/main/AndroidManifest.xml:15:5-41:19
22        android:allowBackup="true"
22-->src/main/AndroidManifest.xml:16:9-35
23        android:appComponentFactory="androidx.core.app.CoreComponentFactory"
23-->[androidx.core:core:1.6.0] AndroidManifest.xml:24:18-86
24        android:debuggable="true"
25        android:extractNativeLibs="false"
26        android:icon="@mipmap/ic_launcher"
26-->src/main/AndroidManifest.xml:17:9-43
27        android:label="@string/app_name"
27-->src/main/AndroidManifest.xml:18:9-41
28        android:roundIcon="@mipmap/ic_launcher_round"
28-->src/main/AndroidManifest.xml:19:9-54
29        android:supportsRtl="true"
29-->src/main/AndroidManifest.xml:20:9-35
30        android:testOnly="true"
31        android:theme="@style/Theme.KartyLojalnosciowe" >
31-->src/main/AndroidManifest.xml:21:9-56
32        <activity
32-->src/main/AndroidManifest.xml:22:9-30:20
33            android:name="domanska.klaudia.kartylojalnosciowe.ui.MainActivity"
33-->src/main/AndroidManifest.xml:23:13-44
34            android:exported="true" >
34-->src/main/AndroidManifest.xml:24:13-36
35            <intent-filter>
35-->src/main/AndroidManifest.xml:25:13-29:29
36                <action android:name="android.intent.action.MAIN" />
36-->src/main/AndroidManifest.xml:26:17-69
36-->src/main/AndroidManifest.xml:26:25-66
37
38                <category android:name="android.intent.category.LAUNCHER" />
38-->src/main/AndroidManifest.xml:28:17-77
38-->src/main/AndroidManifest.xml:28:27-74
39            </intent-filter>
40        </activity>
41
42        <provider
42-->src/main/AndroidManifest.xml:32:9-40:20
43            android:name="androidx.core.content.FileProvider"
43-->src/main/AndroidManifest.xml:33:13-62
44            android:authorities="com.example.android.fileprovider"
44-->src/main/AndroidManifest.xml:34:13-67
45            android:exported="false"
45-->src/main/AndroidManifest.xml:35:13-37
46            android:grantUriPermissions="true" >
46-->src/main/AndroidManifest.xml:36:13-47
47            <meta-data
47-->src/main/AndroidManifest.xml:37:13-39:53
48                android:name="android.support.FILE_PROVIDER_PATHS"
48-->src/main/AndroidManifest.xml:38:17-67
49                android:resource="@xml/file_paths" />
49-->src/main/AndroidManifest.xml:39:17-51
50        </provider>
51    </application>
52
53</manifest>